<?xml version="1.0" encoding="UTF-8"?>
<testsuite xmlns:xsi="http://www.w3.org/2001/XMLSchema-instance" xsi:noNamespaceSchemaLocation="https://maven.apache.org/surefire/maven-surefire-plugin/xsd/surefire-test-report.xsd" name="model.BookCatalogTest" time="0.147" tests="5" errors="0" skipped="0" failures="0">
  <properties>
[...]
</properties>
  <testcase name="testAddABook" classname="model.BookCatalogTest" time="0.091"/>
  <testcase name="testFindBook" classname="model.BookCatalogTest" time="0.002"/>
  <testcase name="testFindBookIgnoringCase" classname="model.BookCatalogTest" time="0.003"/>
  <testcase name="testFindBookWithExtraSpaces" classname="model.BookCatalogTest" time="0"/>
  <testcase name="testFindBookThatDoesntExist" classname="model.BookCatalogTest" time="0.007"/>
</testsuite>